<?xml version="1.0" encoding="UTF-8"?>
<coverage generated="1699138536693" clover="3.2.0">
  <project timestamp="1699138536693" name="All files">
    <metrics statements="34" coveredstatements="28" conditionals="18" coveredconditionals="17" methods="12" coveredmethods="9" elements="64" coveredelements="54" complexity="0" loc="34" ncloc="34" packages="1" files="4" classes="4"/>
    <file name="db.js" path="C:\Users\Axdall\Documents\GitHub\demo-testing-DAT\db.js">
      <metrics statements="8" coveredstatements="3" conditionals="0" coveredconditionals="0" methods="3" coveredmethods="0"/>
      <line num="4" count="1" type="stmt"/>
      <line num="5" count="0" type="stmt"/>
      <line num="6" count="0" type="stmt"/>
      <line num="10" count="1" type="stmt"/>
      <line num="11" count="0" type="stmt"/>
      <line num="12" count="0" type="stmt"/>
      <line num="13" count="0" type="stmt"/>
      <line num="17" count="1" type="stmt"/>
    </file>
    <file name="fizzbuzz.js" path="C:\Users\Axdall\Documents\GitHub\demo-testing-DAT\fizzbuzz.js">
      <metrics statements="5" coveredstatements="5" conditionals="12" coveredconditionals="12" methods="1" coveredmethods="1"/>
      <line num="2" count="30" type="cond" truecount="4" falsecount="0"/>
      <line num="4" count="23" type="cond" truecount="4" falsecount="0"/>
      <line num="6" count="19" type="cond" truecount="2" falsecount="0"/>
      <line num="8" count="15" type="cond" truecount="2" falsecount="0"/>
      <line num="10" count="12" type="stmt"/>
    </file>
    <file name="lib.js" path="C:\Users\Axdall\Documents\GitHub\demo-testing-DAT\lib.js">
      <metrics statements="18" coveredstatements="17" conditionals="6" coveredconditionals="5" methods="7" coveredmethods="7"/>
      <line num="5" count="1" type="stmt"/>
      <line num="6" count="3" type="cond" truecount="2" falsecount="0"/>
      <line num="10" count="1" type="stmt"/>
      <line num="11" count="2" type="stmt"/>
      <line num="15" count="1" type="stmt"/>
      <line num="16" count="1" type="stmt"/>
      <line num="20" count="1" type="stmt"/>
      <line num="21" count="1" type="stmt"/>
      <line num="25" count="1" type="stmt"/>
      <line num="26" count="6" type="cond" truecount="1" falsecount="1"/>
      <line num="28" count="0" type="stmt"/>
      <line num="32" count="1" type="stmt"/>
      <line num="33" count="2" type="stmt"/>
      <line num="35" count="2" type="cond" truecount="2" falsecount="0"/>
      <line num="39" count="1" type="stmt"/>
      <line num="40" count="1" type="stmt"/>
      <line num="42" count="1" type="stmt"/>
      <line num="45" count="1" type="stmt"/>
    </file>
    <file name="mail.js" path="C:\Users\Axdall\Documents\GitHub\demo-testing-DAT\mail.js">
      <metrics statements="3" coveredstatements="3" conditionals="0" coveredconditionals="0" methods="1" coveredmethods="1"/>
      <line num="1" count="1" type="stmt"/>
      <line num="2" count="1" type="stmt"/>
      <line num="5" count="1" type="stmt"/>
    </file>
  </project>
</coverage>
