TN:
SF:db.js
FN:4,(anonymous_0)
FN:10,(anonymous_1)
FN:11,(anonymous_2)
FNF:3
FNH:0
FNDA:0,(anonymous_0)
FNDA:0,(anonymous_1)
FNDA:0,(anonymous_2)
DA:4,1
DA:5,0
DA:6,0
DA:10,1
DA:11,0
DA:12,0
DA:13,0
DA:17,1
LF:8
LH:3
BRF:0
BRH:0
end_of_record
TN:
SF:fizzbuzz.js
FN:1,fizzBuzz
FNF:1
FNH:1
FNDA:30,fizzBuzz
DA:2,30
DA:4,23
DA:6,19
DA:8,15
DA:10,12
LF:5
LH:5
BRDA:2,0,0,7
BRDA:2,0,1,23
BRDA:2,1,0,30
BRDA:2,1,1,23
BRDA:4,2,0,4
BRDA:4,2,1,19
BRDA:4,3,0,23
BRDA:4,3,1,8
BRDA:6,4,0,4
BRDA:6,4,1,15
BRDA:8,5,0,3
BRDA:8,5,1,12
BRF:12
BRH:12
end_of_record
TN:
SF:lib.js
FN:5,(anonymous_0)
FN:10,(anonymous_1)
FN:15,(anonymous_2)
FN:20,(anonymous_3)
FN:25,(anonymous_4)
FN:32,(anonymous_5)
FN:39,(anonymous_6)
FNF:7
FNH:7
FNDA:3,(anonymous_0)
FNDA:2,(anonymous_1)
FNDA:1,(anonymous_2)
FNDA:1,(anonymous_3)
FNDA:6,(anonymous_4)
FNDA:2,(anonymous_5)
FNDA:1,(anonymous_6)
DA:5,1
DA:6,3
DA:10,1
DA:11,2
DA:15,1
DA:16,1
DA:20,1
DA:21,1
DA:25,1
DA:26,6
DA:28,0
DA:32,1
DA:33,2
DA:35,2
DA:39,1
DA:40,1
DA:42,1
DA:45,1
LF:18
LH:17
BRDA:6,0,0,2
BRDA:6,0,1,1
BRDA:26,1,0,6
BRDA:26,1,1,0
BRDA:35,2,0,1
BRDA:35,2,1,1
BRF:6
BRH:5
end_of_record
TN:
SF:mail.js
FN:1,(anonymous_0)
FNF:1
FNH:1
FNDA:1,(anonymous_0)
DA:1,1
DA:2,1
DA:5,1
LF:3
LH:3
BRF:0
BRH:0
end_of_record
